C:\Users\ashchand\Documents\personal\cppsdk\cybersource-sdk-windows-cpp\BaseClient\Release\win64\BaseClient.lib
C:\Users\ashchand\Documents\personal\cppsdk\cybersource-sdk-windows-cpp\BaseClient\Release\win64\BaseClient.exp
C:\USERS\ASHCHAND\DOCUMENTS\PERSONAL\CPPSDK\CYBERSOURCE-SDK-WINDOWS-CPP\BASECLIENT\RELEASE\WIN64\BASECLIENT.PCH
C:\USERS\ASHCHAND\DOCUMENTS\PERSONAL\CPPSDK\CYBERSOURCE-SDK-WINDOWS-CPP\BASECLIENT\RELEASE\WIN64\STDAFX.OBJ
C:\USERS\ASHCHAND\DOCUMENTS\PERSONAL\CPPSDK\CYBERSOURCE-SDK-WINDOWS-CPP\BASECLIENT\RELEASE\WIN64\VC110.PDB
C:\USERS\ASHCHAND\DOCUMENTS\PERSONAL\CPPSDK\CYBERSOURCE-SDK-WINDOWS-CPP\BASECLIENT\RELEASE\WIN64\DLLMAIN.OBJ
C:\USERS\ASHCHAND\DOCUMENTS\PERSONAL\CPPSDK\CYBERSOURCE-SDK-WINDOWS-CPP\BASECLIENT\RELEASE\WIN64\UTIL.OBJ
C:\USERS\ASHCHAND\DOCUMENTS\PERSONAL\CPPSDK\CYBERSOURCE-SDK-WINDOWS-CPP\BASECLIENT\RELEASE\WIN64\KVS.OBJ
C:\USERS\ASHCHAND\DOCUMENTS\PERSONAL\CPPSDK\CYBERSOURCE-SDK-WINDOWS-CPP\BASECLIENT\RELEASE\WIN64\BASECLIENT.DLL
C:\USERS\ASHCHAND\DOCUMENTS\PERSONAL\CPPSDK\CYBERSOURCE-SDK-WINDOWS-CPP\BASECLIENT\RELEASE\WIN64\BASECLIENT.PDB
C:\Users\ashchand\Documents\personal\cppsdk\cybersource-sdk-windows-cpp\BaseClient\Release\win64\dllmain.obj
C:\Users\ashchand\Documents\personal\cppsdk\cybersource-sdk-windows-cpp\BaseClient\Release\win64\kvs.obj
C:\Users\ashchand\Documents\personal\cppsdk\cybersource-sdk-windows-cpp\BaseClient\Release\win64\stdafx.obj
C:\Users\ashchand\Documents\personal\cppsdk\cybersource-sdk-windows-cpp\BaseClient\Release\win64\util.obj
C:\Users\ashchand\Documents\personal\cppsdk\cybersource-sdk-windows-cpp\BaseClient\Release\win64\BaseClient.write.1.tlog
C:\Users\ashchand\Documents\personal\cppsdk\cybersource-sdk-windows-cpp\BaseClient\Release\win64\cl.command.1.tlog
C:\Users\ashchand\Documents\personal\cppsdk\cybersource-sdk-windows-cpp\BaseClient\Release\win64\CL.read.1.tlog
C:\Users\ashchand\Documents\personal\cppsdk\cybersource-sdk-windows-cpp\BaseClient\Release\win64\CL.write.1.tlog
C:\Users\ashchand\Documents\personal\cppsdk\cybersource-sdk-windows-cpp\BaseClient\Release\win64\link-cvtres.read.1.tlog
C:\Users\ashchand\Documents\personal\cppsdk\cybersource-sdk-windows-cpp\BaseClient\Release\win64\link-cvtres.write.1.tlog
C:\Users\ashchand\Documents\personal\cppsdk\cybersource-sdk-windows-cpp\BaseClient\Release\win64\link-rc.read.1.tlog
C:\Users\ashchand\Documents\personal\cppsdk\cybersource-sdk-windows-cpp\BaseClient\Release\win64\link-rc.write.1.tlog
C:\Users\ashchand\Documents\personal\cppsdk\cybersource-sdk-windows-cpp\BaseClient\Release\win64\link.command.1.tlog
C:\Users\ashchand\Documents\personal\cppsdk\cybersource-sdk-windows-cpp\BaseClient\Release\win64\link.read.1.tlog
C:\Users\ashchand\Documents\personal\cppsdk\cybersource-sdk-windows-cpp\BaseClient\Release\win64\link.write.1.tlog
C:\Users\ashchand\Documents\personal\cppsdk\cybersource-sdk-windows-cpp\BaseClient\Release\win64\BaseClient.pch
C:\Users\ashchand\Documents\personal\cppsdk\cybersource-sdk-windows-cpp\BaseClient\Release\win64\BaseClient.pdb
C:\Users\ashchand\Documents\personal\cppsdk\cybersource-sdk-windows-cpp\BaseClient\Release\win64\vc110.pdb
C:\Users\ashchand\Documents\personal\cppsdk\cybersource-sdk-windows-cpp\BaseClient\.\Release\win64\BaseClient.dll
