Build started 9/1/2016 4:57:19 PM.
     1>Project "C:\Users\ashchand\Documents\personal\cppsdk\cybersource-sdk-windows-cpp\BaseClient\BaseClient.vcxproj" on node 2 (Rebuild target(s)).
     1>ClCompile:
         C:\Program Files (x86)\Microsoft Visual Studio 11.0\VC\bin\x86_amd64\CL.exe /c /Zi /nologo /W3 /WX- /sdl /O2 /Oi /GL /D WIN32 /D NDEBUG /D _WINDOWS /D _USRDLL /D BASECLIENT_EXPORTS /D _CRT_SECURE_NO_WARNINGS /D _WINDLL /D _UNICODE /D UNICODE /Gm- /EHsc /MD /GS /Gy /fp:precise /Zc:wchar_t /Zc:forScope /Yc"stdafx.h" /Fp".\Release\win64\BaseClient.pch" /Fo".\Release\win64\\" /Fd".\Release\win64\vc110.pdb" /Gd /TP /errorReport:prompt stdafx.cpp
         stdafx.cpp
         C:\Program Files (x86)\Microsoft Visual Studio 11.0\VC\bin\x86_amd64\CL.exe /c /Zi /nologo /W3 /WX- /sdl /O2 /Oi /GL /D WIN32 /D NDEBUG /D _WINDOWS /D _USRDLL /D BASECLIENT_EXPORTS /D _CRT_SECURE_NO_WARNINGS /D _WINDLL /D _UNICODE /D UNICODE /Gm- /EHsc /MD /GS /Gy /fp:precise /Zc:wchar_t /Zc:forScope /Fo".\Release\win64\\" /Fd".\Release\win64\vc110.pdb" /Gd /TP /errorReport:prompt dllmain.cpp
         dllmain.cpp
         C:\Program Files (x86)\Microsoft Visual Studio 11.0\VC\bin\x86_amd64\CL.exe /c /Zi /nologo /W3 /WX- /sdl /O2 /Oi /GL /D WIN32 /D NDEBUG /D _WINDOWS /D _USRDLL /D BASECLIENT_EXPORTS /D _CRT_SECURE_NO_WARNINGS /D _WINDLL /D _UNICODE /D UNICODE /Gm- /EHsc /MD /GS /Gy /fp:precise /Zc:wchar_t /Zc:forScope /Fo".\Release\win64\\" /Fd".\Release\win64\vc110.pdb" /Gd /TP /errorReport:prompt kvs.c util.c
         kvs.c
         util.c
     1>util.c(49): warning C4267: '=' : conversion from 'size_t' to 'int', possible loss of data
       Link:
         C:\Program Files (x86)\Microsoft Visual Studio 11.0\VC\bin\x86_amd64\link.exe /ERRORREPORT:PROMPT /OUT:"Release/win64/BaseClient.dll" /INCREMENTAL:NO /NOLOGO kernel32.lib user32.lib gdi32.lib winspool.lib comdlg32.lib advapi32.lib shell32.lib ole32.lib oleaut32.lib uuid.lib odbc32.lib odbccp32.lib /MANIFEST /MANIFESTUAC:"level='asInvoker' uiAccess='false'" /manifest:embed /DEBUG /PDB:".\Release\win64\BaseClient.pdb" /SUBSYSTEM:WINDOWS /OPT:REF /OPT:ICF /LTCG /TLBID:1 /DYNAMICBASE /NXCOMPAT /IMPLIB:".\Release\win64\BaseClient.lib" /MACHINE:X64 /DLL .\Release\win64\dllmain.obj
         .\Release\win64\kvs.obj
         .\Release\win64\stdafx.obj
         .\Release\win64\util.obj
            Creating library .\Release\win64\BaseClient.lib and object .\Release\win64\BaseClient.exp
         Generating code
         Finished generating code
         BaseClient.vcxproj -> C:\Users\ashchand\Documents\personal\cppsdk\cybersource-sdk-windows-cpp\BaseClient\.\Release\win64\BaseClient.dll
     1>Done Building Project "C:\Users\ashchand\Documents\personal\cppsdk\cybersource-sdk-windows-cpp\BaseClient\BaseClient.vcxproj" (Rebuild target(s)).

Build succeeded.

Time Elapsed 00:00:05.25
