C:\USERS\ASHCHAND\DOCUMENTS\PERSONAL\CPPSDK\CYBERSOURCE-SDK-WINDOWS-CPP\XMLCLIENT\RELEASE\WIN32\XMLCLIENT.PCH
C:\USERS\ASHCHAND\DOCUMENTS\PERSONAL\CPPSDK\CYBERSOURCE-SDK-WINDOWS-CPP\XMLCLIENT\RELEASE\WIN32\STDAFX.OBJ
C:\USERS\ASHCHAND\DOCUMENTS\PERSONAL\CPPSDK\CYBERSOURCE-SDK-WINDOWS-CPP\XMLCLIENT\RELEASE\WIN32\VC110.PDB
C:\USERS\ASHCHAND\DOCUMENTS\PERSONAL\CPPSDK\CYBERSOURCE-SDK-WINDOWS-CPP\XMLCLIENT\RELEASE\WIN32\WSSEAPI.OBJ
C:\USERS\ASHCHAND\DOCUMENTS\PERSONAL\CPPSDK\CYBERSOURCE-SDK-WINDOWS-CPP\XMLCLIENT\RELEASE\WIN32\DOM.OBJ
C:\USERS\ASHCHAND\DOCUMENTS\PERSONAL\CPPSDK\CYBERSOURCE-SDK-WINDOWS-CPP\XMLCLIENT\RELEASE\WIN32\SOAPITRANSACTIONPROCESSORPROXY.OBJ
C:\USERS\ASHCHAND\DOCUMENTS\PERSONAL\CPPSDK\CYBERSOURCE-SDK-WINDOWS-CPP\XMLCLIENT\RELEASE\WIN32\LOG.OBJ
C:\USERS\ASHCHAND\DOCUMENTS\PERSONAL\CPPSDK\CYBERSOURCE-SDK-WINDOWS-CPP\XMLCLIENT\RELEASE\WIN32\STDSOAP2.OBJ
C:\USERS\ASHCHAND\DOCUMENTS\PERSONAL\CPPSDK\CYBERSOURCE-SDK-WINDOWS-CPP\XMLCLIENT\RELEASE\WIN32\SAFEFIELDS.OBJ
C:\USERS\ASHCHAND\DOCUMENTS\PERSONAL\CPPSDK\CYBERSOURCE-SDK-WINDOWS-CPP\XMLCLIENT\RELEASE\WIN32\THREADS.OBJ
C:\USERS\ASHCHAND\DOCUMENTS\PERSONAL\CPPSDK\CYBERSOURCE-SDK-WINDOWS-CPP\XMLCLIENT\RELEASE\WIN32\SOAPC.OBJ
C:\USERS\ASHCHAND\DOCUMENTS\PERSONAL\CPPSDK\CYBERSOURCE-SDK-WINDOWS-CPP\XMLCLIENT\RELEASE\WIN32\MECEVP.OBJ
C:\USERS\ASHCHAND\DOCUMENTS\PERSONAL\CPPSDK\CYBERSOURCE-SDK-WINDOWS-CPP\XMLCLIENT\RELEASE\WIN32\SMDEVP.OBJ
C:\USERS\ASHCHAND\DOCUMENTS\PERSONAL\CPPSDK\CYBERSOURCE-SDK-WINDOWS-CPP\XMLCLIENT\RELEASE\WIN32\DLLMAIN.OBJ
C:\USERS\ASHCHAND\DOCUMENTS\PERSONAL\CPPSDK\CYBERSOURCE-SDK-WINDOWS-CPP\XMLCLIENT\RELEASE\WIN32\XMLCLIENT.OBJ
C:\USERS\ASHCHAND\DOCUMENTS\PERSONAL\CPPSDK\CYBERSOURCE-SDK-WINDOWS-CPP\XMLCLIENT\RELEASE\WIN32\XMLCLIENT.DLL
C:\USERS\ASHCHAND\DOCUMENTS\PERSONAL\CPPSDK\CYBERSOURCE-SDK-WINDOWS-CPP\XMLCLIENT\RELEASE\WIN32\XMLCLIENT.PDB
C:\Users\ashchand\Documents\personal\cppsdk\cybersource-sdk-windows-cpp\XMLClient\Release\win32\XMLClient.lib
C:\Users\ashchand\Documents\personal\cppsdk\cybersource-sdk-windows-cpp\XMLClient\Release\win32\XMLClient.exp
C:\Users\ashchand\Documents\personal\cppsdk\cybersource-sdk-windows-cpp\XMLClient\Release\win32\dllmain.obj
C:\Users\ashchand\Documents\personal\cppsdk\cybersource-sdk-windows-cpp\XMLClient\Release\win32\dom.obj
C:\Users\ashchand\Documents\personal\cppsdk\cybersource-sdk-windows-cpp\XMLClient\Release\win32\log.obj
C:\Users\ashchand\Documents\personal\cppsdk\cybersource-sdk-windows-cpp\XMLClient\Release\win32\mecevp.obj
C:\Users\ashchand\Documents\personal\cppsdk\cybersource-sdk-windows-cpp\XMLClient\Release\win32\safefields.obj
C:\Users\ashchand\Documents\personal\cppsdk\cybersource-sdk-windows-cpp\XMLClient\Release\win32\smdevp.obj
C:\Users\ashchand\Documents\personal\cppsdk\cybersource-sdk-windows-cpp\XMLClient\Release\win32\soapC.obj
C:\Users\ashchand\Documents\personal\cppsdk\cybersource-sdk-windows-cpp\XMLClient\Release\win32\soapITransactionProcessorProxy.obj
C:\Users\ashchand\Documents\personal\cppsdk\cybersource-sdk-windows-cpp\XMLClient\Release\win32\stdafx.obj
C:\Users\ashchand\Documents\personal\cppsdk\cybersource-sdk-windows-cpp\XMLClient\Release\win32\stdsoap2.obj
C:\Users\ashchand\Documents\personal\cppsdk\cybersource-sdk-windows-cpp\XMLClient\Release\win32\threads.obj
C:\Users\ashchand\Documents\personal\cppsdk\cybersource-sdk-windows-cpp\XMLClient\Release\win32\wsseapi.obj
C:\Users\ashchand\Documents\personal\cppsdk\cybersource-sdk-windows-cpp\XMLClient\Release\win32\XMLClient.obj
C:\Users\ashchand\Documents\personal\cppsdk\cybersource-sdk-windows-cpp\XMLClient\Release\win32\cl.command.1.tlog
C:\Users\ashchand\Documents\personal\cppsdk\cybersource-sdk-windows-cpp\XMLClient\Release\win32\CL.read.1.tlog
C:\Users\ashchand\Documents\personal\cppsdk\cybersource-sdk-windows-cpp\XMLClient\Release\win32\CL.write.1.tlog
C:\Users\ashchand\Documents\personal\cppsdk\cybersource-sdk-windows-cpp\XMLClient\Release\win32\link-cvtres.read.1.tlog
C:\Users\ashchand\Documents\personal\cppsdk\cybersource-sdk-windows-cpp\XMLClient\Release\win32\link-cvtres.write.1.tlog
C:\Users\ashchand\Documents\personal\cppsdk\cybersource-sdk-windows-cpp\XMLClient\Release\win32\link-rc.read.1.tlog
C:\Users\ashchand\Documents\personal\cppsdk\cybersource-sdk-windows-cpp\XMLClient\Release\win32\link-rc.write.1.tlog
C:\Users\ashchand\Documents\personal\cppsdk\cybersource-sdk-windows-cpp\XMLClient\Release\win32\link.command.1.tlog
C:\Users\ashchand\Documents\personal\cppsdk\cybersource-sdk-windows-cpp\XMLClient\Release\win32\link.read.1.tlog
C:\Users\ashchand\Documents\personal\cppsdk\cybersource-sdk-windows-cpp\XMLClient\Release\win32\link.write.1.tlog
C:\Users\ashchand\Documents\personal\cppsdk\cybersource-sdk-windows-cpp\XMLClient\Release\win32\XMLClient.write.1.tlog
C:\Users\ashchand\Documents\personal\cppsdk\cybersource-sdk-windows-cpp\XMLClient\Release\win32\XMLClient.pch
C:\Users\ashchand\Documents\personal\cppsdk\cybersource-sdk-windows-cpp\XMLClient\Release\win32\vc110.pdb
C:\Users\ashchand\Documents\personal\cppsdk\cybersource-sdk-windows-cpp\XMLClient\Release\win32\XMLClient.pdb
C:\Users\ashchand\Documents\personal\cppsdk\cybersource-sdk-windows-cpp\XMLClient\.\Release\win32\XMLClient.dll
