C:\USERS\ASHCHAND\DOCUMENTS\PERSONAL\CPPSDK\CYBERSOURCE-SDK-WINDOWS-CPP\XMLCLIENT\RELEASE\WIN64\XMLCLIENT.PCH
C:\USERS\ASHCHAND\DOCUMENTS\PERSONAL\CPPSDK\CYBERSOURCE-SDK-WINDOWS-CPP\XMLCLIENT\RELEASE\WIN64\STDAFX.OBJ
C:\USERS\ASHCHAND\DOCUMENTS\PERSONAL\CPPSDK\CYBERSOURCE-SDK-WINDOWS-CPP\XMLCLIENT\RELEASE\WIN64\VC110.PDB
C:\USERS\ASHCHAND\DOCUMENTS\PERSONAL\CPPSDK\CYBERSOURCE-SDK-WINDOWS-CPP\XMLCLIENT\RELEASE\WIN64\WSSEAPI.OBJ
C:\USERS\ASHCHAND\DOCUMENTS\PERSONAL\CPPSDK\CYBERSOURCE-SDK-WINDOWS-CPP\XMLCLIENT\RELEASE\WIN64\DOM.OBJ
C:\USERS\ASHCHAND\DOCUMENTS\PERSONAL\CPPSDK\CYBERSOURCE-SDK-WINDOWS-CPP\XMLCLIENT\RELEASE\WIN64\SOAPITRANSACTIONPROCESSORPROXY.OBJ
C:\USERS\ASHCHAND\DOCUMENTS\PERSONAL\CPPSDK\CYBERSOURCE-SDK-WINDOWS-CPP\XMLCLIENT\RELEASE\WIN64\LOG.OBJ
C:\USERS\ASHCHAND\DOCUMENTS\PERSONAL\CPPSDK\CYBERSOURCE-SDK-WINDOWS-CPP\XMLCLIENT\RELEASE\WIN64\STDSOAP2.OBJ
C:\USERS\ASHCHAND\DOCUMENTS\PERSONAL\CPPSDK\CYBERSOURCE-SDK-WINDOWS-CPP\XMLCLIENT\RELEASE\WIN64\SAFEFIELDS.OBJ
C:\USERS\ASHCHAND\DOCUMENTS\PERSONAL\CPPSDK\CYBERSOURCE-SDK-WINDOWS-CPP\XMLCLIENT\RELEASE\WIN64\THREADS.OBJ
C:\USERS\ASHCHAND\DOCUMENTS\PERSONAL\CPPSDK\CYBERSOURCE-SDK-WINDOWS-CPP\XMLCLIENT\RELEASE\WIN64\SOAPC.OBJ
C:\USERS\ASHCHAND\DOCUMENTS\PERSONAL\CPPSDK\CYBERSOURCE-SDK-WINDOWS-CPP\XMLCLIENT\RELEASE\WIN64\MECEVP.OBJ
C:\USERS\ASHCHAND\DOCUMENTS\PERSONAL\CPPSDK\CYBERSOURCE-SDK-WINDOWS-CPP\XMLCLIENT\RELEASE\WIN64\SMDEVP.OBJ
C:\USERS\ASHCHAND\DOCUMENTS\PERSONAL\CPPSDK\CYBERSOURCE-SDK-WINDOWS-CPP\XMLCLIENT\RELEASE\WIN64\DLLMAIN.OBJ
C:\USERS\ASHCHAND\DOCUMENTS\PERSONAL\CPPSDK\CYBERSOURCE-SDK-WINDOWS-CPP\XMLCLIENT\RELEASE\WIN64\XMLCLIENT.OBJ
C:\USERS\ASHCHAND\DOCUMENTS\PERSONAL\CPPSDK\CYBERSOURCE-SDK-WINDOWS-CPP\XMLCLIENT\RELEASE\WIN64\XMLCLIENT.DLL
C:\USERS\ASHCHAND\DOCUMENTS\PERSONAL\CPPSDK\CYBERSOURCE-SDK-WINDOWS-CPP\XMLCLIENT\RELEASE\WIN64\XMLCLIENT.PDB
C:\Users\ashchand\Documents\personal\cppsdk\cybersource-sdk-windows-cpp\XMLClient\Release\win64\XMLClient.lib
C:\Users\ashchand\Documents\personal\cppsdk\cybersource-sdk-windows-cpp\XMLClient\Release\win64\XMLClient.exp
C:\Users\ashchand\Documents\personal\cppsdk\cybersource-sdk-windows-cpp\XMLClient\Release\win64\dllmain.obj
C:\Users\ashchand\Documents\personal\cppsdk\cybersource-sdk-windows-cpp\XMLClient\Release\win64\dom.obj
C:\Users\ashchand\Documents\personal\cppsdk\cybersource-sdk-windows-cpp\XMLClient\Release\win64\log.obj
C:\Users\ashchand\Documents\personal\cppsdk\cybersource-sdk-windows-cpp\XMLClient\Release\win64\mecevp.obj
C:\Users\ashchand\Documents\personal\cppsdk\cybersource-sdk-windows-cpp\XMLClient\Release\win64\safefields.obj
C:\Users\ashchand\Documents\personal\cppsdk\cybersource-sdk-windows-cpp\XMLClient\Release\win64\smdevp.obj
C:\Users\ashchand\Documents\personal\cppsdk\cybersource-sdk-windows-cpp\XMLClient\Release\win64\soapC.obj
C:\Users\ashchand\Documents\personal\cppsdk\cybersource-sdk-windows-cpp\XMLClient\Release\win64\soapITransactionProcessorProxy.obj
C:\Users\ashchand\Documents\personal\cppsdk\cybersource-sdk-windows-cpp\XMLClient\Release\win64\stdafx.obj
C:\Users\ashchand\Documents\personal\cppsdk\cybersource-sdk-windows-cpp\XMLClient\Release\win64\stdsoap2.obj
C:\Users\ashchand\Documents\personal\cppsdk\cybersource-sdk-windows-cpp\XMLClient\Release\win64\threads.obj
C:\Users\ashchand\Documents\personal\cppsdk\cybersource-sdk-windows-cpp\XMLClient\Release\win64\wsseapi.obj
C:\Users\ashchand\Documents\personal\cppsdk\cybersource-sdk-windows-cpp\XMLClient\Release\win64\XMLClient.obj
C:\Users\ashchand\Documents\personal\cppsdk\cybersource-sdk-windows-cpp\XMLClient\Release\win64\cl.command.1.tlog
C:\Users\ashchand\Documents\personal\cppsdk\cybersource-sdk-windows-cpp\XMLClient\Release\win64\CL.read.1.tlog
C:\Users\ashchand\Documents\personal\cppsdk\cybersource-sdk-windows-cpp\XMLClient\Release\win64\CL.write.1.tlog
C:\Users\ashchand\Documents\personal\cppsdk\cybersource-sdk-windows-cpp\XMLClient\Release\win64\link-cvtres.read.1.tlog
C:\Users\ashchand\Documents\personal\cppsdk\cybersource-sdk-windows-cpp\XMLClient\Release\win64\link-cvtres.write.1.tlog
C:\Users\ashchand\Documents\personal\cppsdk\cybersource-sdk-windows-cpp\XMLClient\Release\win64\link-rc.read.1.tlog
C:\Users\ashchand\Documents\personal\cppsdk\cybersource-sdk-windows-cpp\XMLClient\Release\win64\link-rc.write.1.tlog
C:\Users\ashchand\Documents\personal\cppsdk\cybersource-sdk-windows-cpp\XMLClient\Release\win64\link.command.1.tlog
C:\Users\ashchand\Documents\personal\cppsdk\cybersource-sdk-windows-cpp\XMLClient\Release\win64\link.read.1.tlog
C:\Users\ashchand\Documents\personal\cppsdk\cybersource-sdk-windows-cpp\XMLClient\Release\win64\link.write.1.tlog
C:\Users\ashchand\Documents\personal\cppsdk\cybersource-sdk-windows-cpp\XMLClient\Release\win64\XMLClient.write.1.tlog
C:\Users\ashchand\Documents\personal\cppsdk\cybersource-sdk-windows-cpp\XMLClient\Release\win64\XMLClient.pch
C:\Users\ashchand\Documents\personal\cppsdk\cybersource-sdk-windows-cpp\XMLClient\Release\win64\vc110.pdb
C:\Users\ashchand\Documents\personal\cppsdk\cybersource-sdk-windows-cpp\XMLClient\Release\win64\XMLClient.pdb
C:\Users\ashchand\Documents\personal\cppsdk\cybersource-sdk-windows-cpp\XMLClient\.\Release\win64\XMLClient.dll
