d:\sdk\cybersource-sdk-cplusplus\nvpclient\release\win32\nvpclient.pch
d:\sdk\cybersource-sdk-cplusplus\nvpclient\release\win32\vc142.pdb
d:\sdk\cybersource-sdk-cplusplus\nvpclient\release\win32\stdafx.obj
d:\sdk\cybersource-sdk-cplusplus\nvpclient\release\win32\wsseapi.obj
d:\sdk\cybersource-sdk-cplusplus\nvpclient\release\win32\dom.obj
d:\sdk\cybersource-sdk-cplusplus\nvpclient\release\win32\soapinvptransactionprocessorproxy.obj
d:\sdk\cybersource-sdk-cplusplus\nvpclient\release\win32\safefields.obj
d:\sdk\cybersource-sdk-cplusplus\nvpclient\release\win32\log.obj
d:\sdk\cybersource-sdk-cplusplus\nvpclient\release\win32\stdsoap2.obj
d:\sdk\cybersource-sdk-cplusplus\nvpclient\release\win32\threads.obj
d:\sdk\cybersource-sdk-cplusplus\nvpclient\release\win32\soapc.obj
d:\sdk\cybersource-sdk-cplusplus\nvpclient\release\win32\mecevp.obj
d:\sdk\cybersource-sdk-cplusplus\nvpclient\release\win32\smdevp.obj
d:\sdk\cybersource-sdk-cplusplus\nvpclient\release\win32\dllmain.obj
d:\sdk\cybersource-sdk-cplusplus\nvpclient\release\win32\nvpclient.obj
d:\sdk\cybersource-sdk-cplusplus\nvpclient\release\win32\nvpclient.dll
d:\sdk\cybersource-sdk-cplusplus\nvpclient\release\win32\nvpclient.pdb
d:\sdk\cybersource-sdk-cplusplus\nvpclient\release\win32\nvpclient.lib
d:\sdk\cybersource-sdk-cplusplus\nvpclient\release\win32\nvpclient.exp
d:\sdk\cybersource-sdk-cplusplus\nvpclient\release\win32\nvpclient.ipdb
d:\sdk\cybersource-sdk-cplusplus\nvpclient\release\win32\nvpclient.iobj
d:\sdk\cybersource-sdk-cplusplus\nvpclient\release\win32\nvpclient.tlog\cl.command.1.tlog
d:\sdk\cybersource-sdk-cplusplus\nvpclient\release\win32\nvpclient.tlog\cl.read.1.tlog
d:\sdk\cybersource-sdk-cplusplus\nvpclient\release\win32\nvpclient.tlog\cl.write.1.tlog
d:\sdk\cybersource-sdk-cplusplus\nvpclient\release\win32\nvpclient.tlog\link.command.1.tlog
d:\sdk\cybersource-sdk-cplusplus\nvpclient\release\win32\nvpclient.tlog\link.read.1.tlog
d:\sdk\cybersource-sdk-cplusplus\nvpclient\release\win32\nvpclient.tlog\link.write.1.tlog
d:\sdk\cybersource-sdk-cplusplus\nvpclient\release\win32\nvpclient.tlog\nvpclient.write.1u.tlog
