Build started 8/19/2016 12:25:55 PM.
     1>Project "C:\projects\git_cpp\cybersource-sdk-windows-cpp\BaseClient\BaseClient.vcxproj" on node 2 (Rebuild target(s)).
     1>ClCompile:
         C:\Program Files (x86)\Microsoft Visual Studio 11.0\VC\bin\CL.exe /c /Zi /nologo /W3 /WX- /sdl /O2 /Oi /Oy- /GL /D WIN32 /D NDEBUG /D _WINDOWS /D _USRDLL /D BASECLIENT_EXPORTS /D _CRT_SECURE_NO_WARNINGS /D _WINDLL /D _UNICODE /D UNICODE /Gm- /EHsc /MD /GS /Gy /fp:precise /Zc:wchar_t /Zc:forScope /Yc"stdafx.h" /Fp".\Release\win32\BaseClient.pch" /Fo".\Release\win32\\" /Fd".\Release\win32\vc110.pdb" /Gd /TP /analyze- /errorReport:prompt stdafx.cpp
         stdafx.cpp
         C:\Program Files (x86)\Microsoft Visual Studio 11.0\VC\bin\CL.exe /c /Zi /nologo /W3 /WX- /sdl /O2 /Oi /Oy- /GL /D WIN32 /D NDEBUG /D _WINDOWS /D _USRDLL /D BASECLIENT_EXPORTS /D _CRT_SECURE_NO_WARNINGS /D _WINDLL /D _UNICODE /D UNICODE /Gm- /EHsc /MD /GS /Gy /fp:precise /Zc:wchar_t /Zc:forScope /Yu"stdafx.h" /Fp".\Release\win32\BaseClient.pch" /Fo".\Release\win32\\" /Fd".\Release\win32\vc110.pdb" /Gd /TP /analyze- /errorReport:prompt BaseClient.cpp
         BaseClient.cpp
         C:\Program Files (x86)\Microsoft Visual Studio 11.0\VC\bin\CL.exe /c /Zi /nologo /W3 /WX- /sdl /O2 /Oi /Oy- /GL /D WIN32 /D NDEBUG /D _WINDOWS /D _USRDLL /D BASECLIENT_EXPORTS /D _CRT_SECURE_NO_WARNINGS /D _WINDLL /D _UNICODE /D UNICODE /Gm- /EHsc /MD /GS /Gy /fp:precise /Zc:wchar_t /Zc:forScope /Fo".\Release\win32\\" /Fd".\Release\win32\vc110.pdb" /Gd /TP /analyze- /errorReport:prompt dllmain.cpp
         dllmain.cpp
         C:\Program Files (x86)\Microsoft Visual Studio 11.0\VC\bin\CL.exe /c /Zi /nologo /W3 /WX- /sdl /O2 /Oi /Oy- /GL /D WIN32 /D NDEBUG /D _WINDOWS /D _USRDLL /D BASECLIENT_EXPORTS /D _CRT_SECURE_NO_WARNINGS /D _WINDLL /D _UNICODE /D UNICODE /Gm- /EHsc /MD /GS /Gy /fp:precise /Zc:wchar_t /Zc:forScope /Fo".\Release\win32\\" /Fd".\Release\win32\vc110.pdb" /Gd /TP /analyze- /errorReport:prompt kvs.c util.c
         kvs.c
     1>kvs.c(105): warning C4018: '<' : signed/unsigned mismatch
         util.c
       Link:
         C:\Program Files (x86)\Microsoft Visual Studio 11.0\VC\bin\link.exe /ERRORREPORT:PROMPT /OUT:"Release/win32/BaseClient.dll" /INCREMENTAL:NO /NOLOGO kernel32.lib user32.lib gdi32.lib winspool.lib comdlg32.lib advapi32.lib shell32.lib ole32.lib oleaut32.lib uuid.lib odbc32.lib odbccp32.lib /MANIFEST /MANIFESTUAC:"level='asInvoker' uiAccess='false'" /manifest:embed /DEBUG /PDB:".\Release\win32\BaseClient.pdb" /SUBSYSTEM:WINDOWS /OPT:REF /OPT:ICF /LTCG /TLBID:1 /DYNAMICBASE /NXCOMPAT /IMPLIB:".\Release\win32\BaseClient.lib" /MACHINE:X86 /SAFESEH /DLL .\Release\win32\BaseClient.obj
         .\Release\win32\dllmain.obj
         .\Release\win32\kvs.obj
         .\Release\win32\stdafx.obj
         .\Release\win32\util.obj
            Creating library .\Release\win32\BaseClient.lib and object .\Release\win32\BaseClient.exp
         Generating code
         Finished generating code
         BaseClient.vcxproj -> C:\projects\git_cpp\cybersource-sdk-windows-cpp\BaseClient\.\Release\win32\BaseClient.dll
     1>Done Building Project "C:\projects\git_cpp\cybersource-sdk-windows-cpp\BaseClient\BaseClient.vcxproj" (Rebuild target(s)).

Build succeeded.

Time Elapsed 00:00:05.80
