C:\Users\ashchand\Documents\personal\cppsdk\cybersource-sdk-windows-cpp\BaseClient\Release\win32\BaseClient.lib
C:\Users\ashchand\Documents\personal\cppsdk\cybersource-sdk-windows-cpp\BaseClient\Release\win32\BaseClient.exp
C:\USERS\ASHCHAND\DOCUMENTS\PERSONAL\CPPSDK\CYBERSOURCE-SDK-WINDOWS-CPP\BASECLIENT\RELEASE\WIN32\BASECLIENT.PCH
C:\USERS\ASHCHAND\DOCUMENTS\PERSONAL\CPPSDK\CYBERSOURCE-SDK-WINDOWS-CPP\BASECLIENT\RELEASE\WIN32\STDAFX.OBJ
C:\USERS\ASHCHAND\DOCUMENTS\PERSONAL\CPPSDK\CYBERSOURCE-SDK-WINDOWS-CPP\BASECLIENT\RELEASE\WIN32\VC110.PDB
C:\USERS\ASHCHAND\DOCUMENTS\PERSONAL\CPPSDK\CYBERSOURCE-SDK-WINDOWS-CPP\BASECLIENT\RELEASE\WIN32\DLLMAIN.OBJ
C:\USERS\ASHCHAND\DOCUMENTS\PERSONAL\CPPSDK\CYBERSOURCE-SDK-WINDOWS-CPP\BASECLIENT\RELEASE\WIN32\UTIL.OBJ
C:\USERS\ASHCHAND\DOCUMENTS\PERSONAL\CPPSDK\CYBERSOURCE-SDK-WINDOWS-CPP\BASECLIENT\RELEASE\WIN32\KVS.OBJ
C:\USERS\ASHCHAND\DOCUMENTS\PERSONAL\CPPSDK\CYBERSOURCE-SDK-WINDOWS-CPP\BASECLIENT\RELEASE\WIN32\BASECLIENT.DLL
C:\USERS\ASHCHAND\DOCUMENTS\PERSONAL\CPPSDK\CYBERSOURCE-SDK-WINDOWS-CPP\BASECLIENT\RELEASE\WIN32\BASECLIENT.PDB
C:\Users\ashchand\Documents\personal\cppsdk\cybersource-sdk-windows-cpp\BaseClient\Release\win32\dllmain.obj
C:\Users\ashchand\Documents\personal\cppsdk\cybersource-sdk-windows-cpp\BaseClient\Release\win32\kvs.obj
C:\Users\ashchand\Documents\personal\cppsdk\cybersource-sdk-windows-cpp\BaseClient\Release\win32\stdafx.obj
C:\Users\ashchand\Documents\personal\cppsdk\cybersource-sdk-windows-cpp\BaseClient\Release\win32\util.obj
C:\Users\ashchand\Documents\personal\cppsdk\cybersource-sdk-windows-cpp\BaseClient\Release\win32\BaseClient.write.1.tlog
C:\Users\ashchand\Documents\personal\cppsdk\cybersource-sdk-windows-cpp\BaseClient\Release\win32\cl.command.1.tlog
C:\Users\ashchand\Documents\personal\cppsdk\cybersource-sdk-windows-cpp\BaseClient\Release\win32\CL.read.1.tlog
C:\Users\ashchand\Documents\personal\cppsdk\cybersource-sdk-windows-cpp\BaseClient\Release\win32\CL.write.1.tlog
C:\Users\ashchand\Documents\personal\cppsdk\cybersource-sdk-windows-cpp\BaseClient\Release\win32\link-cvtres.read.1.tlog
C:\Users\ashchand\Documents\personal\cppsdk\cybersource-sdk-windows-cpp\BaseClient\Release\win32\link-cvtres.write.1.tlog
C:\Users\ashchand\Documents\personal\cppsdk\cybersource-sdk-windows-cpp\BaseClient\Release\win32\link-rc.read.1.tlog
C:\Users\ashchand\Documents\personal\cppsdk\cybersource-sdk-windows-cpp\BaseClient\Release\win32\link-rc.write.1.tlog
C:\Users\ashchand\Documents\personal\cppsdk\cybersource-sdk-windows-cpp\BaseClient\Release\win32\link.command.1.tlog
C:\Users\ashchand\Documents\personal\cppsdk\cybersource-sdk-windows-cpp\BaseClient\Release\win32\link.read.1.tlog
C:\Users\ashchand\Documents\personal\cppsdk\cybersource-sdk-windows-cpp\BaseClient\Release\win32\link.write.1.tlog
C:\Users\ashchand\Documents\personal\cppsdk\cybersource-sdk-windows-cpp\BaseClient\Release\win32\BaseClient.pch
C:\Users\ashchand\Documents\personal\cppsdk\cybersource-sdk-windows-cpp\BaseClient\Release\win32\BaseClient.pdb
C:\Users\ashchand\Documents\personal\cppsdk\cybersource-sdk-windows-cpp\BaseClient\Release\win32\vc110.pdb
C:\Users\ashchand\Documents\personal\cppsdk\cybersource-sdk-windows-cpp\BaseClient\.\Release\win32\BaseClient.dll
